<?xml version="1.0" encoding="UTF-8"?>
<!-- Generated by org.testng.reporters.JUnitXMLReporter -->
<testsuite ignored="0" hostname="DESKTOP-MCF4SQC" failures="0" tests="3" name="Test" time="69.616" errors="0" timestamp="2022-05-21T19:11:04 EDT">
  <testcase classname="integrateExcelDataProvider.DataProvider_CreateLead" name="createLead" time="10.103"/>
  <testcase classname="integrateExcelDataProvider.DataProvider_CreateLead" name="createLead" time="10.021"/>
  <testcase classname="integrateExcelDataProvider.DataProvider_CreateLead" name="createLead" time="10.197"/>
</testsuite> <!-- Test -->
